AWA 1.1.4 | Sat Jul 23 12:59:05 2022
12:59:05 | 2022-07-23 12:59:05.119945
12:59:05 | Preloading...
12:59:05 | Clicking loggin
12:59:05 | trying ....
12:59:05 | except else ....
12:59:05 | Clicking loggin
12:59:05 | trying ....
12:59:05 | except else ....
12:59:06 | Clicking loggin
12:59:06 | trying ....
12:59:06 | except else ....
12:59:06 | Clicking loggin
12:59:06 | trying ....
12:59:06 | except else ....
12:59:07 | Clicking loggin
12:59:07 | trying ....
12:59:07 | except else ....
12:59:07 | Clicking loggin
12:59:07 | trying ....
12:59:07 | except else ....
12:59:08 | Clicking loggin
12:59:08 | trying ....
12:59:08 | except else ....
12:59:08 | Clicking loggin
12:59:08 | trying ....
12:59:08 | except else ....
12:59:09 | Clicking loggin
12:59:09 | trying ....
12:59:09 | except else ....
12:59:09 | Clicking loggin
12:59:09 | trying ....
12:59:09 | except else ....
12:59:10 | Clicking loggin
12:59:10 | trying ....
12:59:10 | except else ....
12:59:10 | Clicking loggin
12:59:10 | trying ....
12:59:10 | except else ....
12:59:11 | Clicking loggin
12:59:11 | trying ....
12:59:11 | except else ....
12:59:11 | Clicking loggin
12:59:11 | trying ....
12:59:12 | except else ....
12:59:12 | Clicking loggin
12:59:12 | trying ....
12:59:12 | except else ....
12:59:13 | Clicking loggin
12:59:13 | trying ....
12:59:13 | except else ....
12:59:13 | Clicking loggin
12:59:13 | trying ....
12:59:13 | except else ....
12:59:14 | Clicking loggin
12:59:14 | trying ....
12:59:14 | except else ....
12:59:14 | Clicking loggin
12:59:14 | trying ....
12:59:14 | except else ....
12:59:15 | Clicking loggin
12:59:15 | trying ....
12:59:15 | except else ....
12:59:16 | Clicking loggin
12:59:16 | trying ....
12:59:16 | except else ....
12:59:16 | Clicking loggin
12:59:16 | trying ....
12:59:16 | except else ....
12:59:17 | Clicking loggin
12:59:17 | trying ....
